The system is: Linux - 3.10.0-957.5.1.el7.x86_64 - x86_64
Compiling the CXX compiler identification source file "CMakeCXXCompilerId.cpp" succeeded.
Compiler: /usr/bin/c++ 
Build flags: 
Id flags: 

The output was:
0


Compilation of the CXX compiler identification source "CMakeCXXCompilerId.cpp" produced "a.out"

The CXX compiler identification is GNU, found in "/users/guest438/scratch/ENGN2560/ENGN2560/opencv-2.4.13.6/build/CMakeFiles/2.8.12.2/CompilerIdCXX/a.out"

Compiling the C compiler identification source file "CMakeCCompilerId.c" succeeded.
Compiler: /usr/bin/cc 
Build flags: 
Id flags: 

The output was:
0


Compilation of the C compiler identification source "CMakeCCompilerId.c" produced "a.out"

The C compiler identification is GNU, found in "/users/guest438/scratch/ENGN2560/ENGN2560/opencv-2.4.13.6/build/CMakeFiles/2.8.12.2/CompilerIdC/a.out"

Determining if the CXX compiler works passed with the following output:
Change Dir: /users/guest438/scratch/ENGN2560/ENGN2560/opencv-2.4.13.6/build/CMakeFiles/CMakeTmp

Run Build Command:/usr/bin/gmake "cmTryCompileExec2093057982/fast"
/usr/bin/gmake -f CMakeFiles/cmTryCompileExec2093057982.dir/build.make CMakeFiles/cmTryCompileExec2093057982.dir/build
gmake[1]: Entering directory `/gpfs/scratch/guest438/ENGN2560/ENGN2560/opencv-2.4.13.6/build/CMakeFiles/CMakeTmp'
/usr/bin/cmake -E cmake_progress_report /users/guest438/scratch/ENGN2560/ENGN2560/opencv-2.4.13.6/build/CMakeFiles/CMakeTmp/CMakeFiles 1
Building CXX object CMakeFiles/cmTryCompileExec2093057982.dir/testCXXCompiler.cxx.o
/usr/bin/c++     -o CMakeFiles/cmTryCompileExec2093057982.dir/testCXXCompiler.cxx.o -c /users/guest438/scratch/ENGN2560/ENGN2560/opencv-2.4.13.6/build/CMakeFiles/CMakeTmp/testCXXCompiler.cxx
Linking CXX executable cmTryCompileExec2093057982
/usr/bin/cmake -E cmake_link_script CMakeFiles/cmTryCompileExec2093057982.dir/link.txt --verbose=1
/usr/bin/c++        CMakeFiles/cmTryCompileExec2093057982.dir/testCXXCompiler.cxx.o  -o cmTryCompileExec2093057982 -rdynamic 
gmake[1]: Leaving directory `/gpfs/scratch/guest438/ENGN2560/ENGN2560/opencv-2.4.13.6/build/CMakeFiles/CMakeTmp'


Detecting CXX compiler ABI info compiled with the following output:
Change Dir: /users/guest438/scratch/ENGN2560/ENGN2560/opencv-2.4.13.6/build/CMakeFiles/CMakeTmp

Run Build Command:/usr/bin/gmake "cmTryCompileExec3339313639/fast"
/usr/bin/gmake -f CMakeFiles/cmTryCompileExec3339313639.dir/build.make CMakeFiles/cmTryCompileExec3339313639.dir/build
gmake[1]: Entering directory `/gpfs/scratch/guest438/ENGN2560/ENGN2560/opencv-2.4.13.6/build/CMakeFiles/CMakeTmp'
/usr/bin/cmake -E cmake_progress_report /users/guest438/scratch/ENGN2560/ENGN2560/opencv-2.4.13.6/build/CMakeFiles/CMakeTmp/CMakeFiles 1
Building CXX object CMakeFiles/cmTryCompileExec3339313639.dir/CMakeCXXCompilerABI.cpp.o
/usr/bin/c++     -o CMakeFiles/cmTryCompileExec3339313639.dir/CMakeCXXCompilerABI.cpp.o -c /usr/share/cmake/Modules/CMakeCXXCompilerABI.cpp
Linking CXX executable cmTryCompileExec3339313639
/usr/bin/cmake -E cmake_link_script CMakeFiles/cmTryCompileExec3339313639.dir/link.txt --verbose=1
/usr/bin/c++      -v CMakeFiles/cmTryCompileExec3339313639.dir/CMakeCXXCompilerABI.cpp.o  -o cmTryCompileExec3339313639 -rdynamic  
Using built-in specs.
COLLECT_GCC=/usr/bin/c++
COLLECT_LTO_WRAPPER=/usr/libexec/gcc/x86_64-redhat-linux/4.8.5/lto-wrapper
Target: x86_64-redhat-linux
Configured with: ../configure --prefix=/usr --mandir=/usr/share/man --infodir=/usr/share/info --with-bugurl=http://bugzilla.redhat.com/bugzilla --enable-bootstrap --enable-shared --enable-threads=posix --enable-checking=release --with-system-zlib --enable-__cxa_atexit --disable-libunwind-exceptions --enable-gnu-unique-object --enable-linker-build-id --with-linker-hash-style=gnu --enable-languages=c,c++,objc,obj-c++,java,fortran,ada,go,lto --enable-plugin --enable-initfini-array --disable-libgcj --with-isl=/builddir/build/BUILD/gcc-4.8.5-20150702/obj-x86_64-redhat-linux/isl-install --with-cloog=/builddir/build/BUILD/gcc-4.8.5-20150702/obj-x86_64-redhat-linux/cloog-install --enable-gnu-indirect-function --with-tune=generic --with-arch_32=x86-64 --build=x86_64-redhat-linux
Thread model: posix
gcc version 4.8.5 20150623 (Red Hat 4.8.5-11) (GCC) 
COMPILER_PATH=/usr/libexec/gcc/x86_64-redhat-linux/4.8.5/:/usr/libexec/gcc/x86_64-redhat-linux/4.8.5/:/usr/libexec/gcc/x86_64-redhat-linux/:/usr/lib/gcc/x86_64-redhat-linux/4.8.5/:/usr/lib/gcc/x86_64-redhat-linux/
LIBRARY_PATH=/usr/lib/gcc/x86_64-redhat-linux/4.8.5/:/usr/lib/gcc/x86_64-redhat-linux/4.8.5/../../../../lib64/:/lib/../lib64/:/usr/lib/../lib64/:/gpfs/runtime/opt/intel/2017.0/lib/intel64/:/gpfs/runtime/opt/intel/2017.0/mkl/lib/intel64/:/gpfs/runtime/opt/python/2.7.12/lib/:/usr/lib/gcc/x86_64-redhat-linux/4.8.5/../../../:/lib/:/usr/lib/
COLLECT_GCC_OPTIONS='-v' '-o' 'cmTryCompileExec3339313639' '-rdynamic' '-shared-libgcc' '-mtune=generic' '-march=x86-64'
 /usr/libexec/gcc/x86_64-redhat-linux/4.8.5/collect2 --build-id --no-add-needed --eh-frame-hdr --hash-style=gnu -m elf_x86_64 -export-dynamic -dynamic-linker /lib64/ld-linux-x86-64.so.2 -o cmTryCompileExec3339313639 /usr/lib/gcc/x86_64-redhat-linux/4.8.5/../../../../lib64/crt1.o /usr/lib/gcc/x86_64-redhat-linux/4.8.5/../../../../lib64/crti.o /usr/lib/gcc/x86_64-redhat-linux/4.8.5/crtbegin.o -L/usr/lib/gcc/x86_64-redhat-linux/4.8.5 -L/usr/lib/gcc/x86_64-redhat-linux/4.8.5/../../../../lib64 -L/lib/../lib64 -L/usr/lib/../lib64 -L/gpfs/runtime/opt/intel/2017.0/lib/intel64 -L/gpfs/runtime/opt/intel/2017.0/mkl/lib/intel64 -L/gpfs/runtime/opt/python/2.7.12/lib -L/usr/lib/gcc/x86_64-redhat-linux/4.8.5/../../.. CMakeFiles/cmTryCompileExec3339313639.dir/CMakeCXXCompilerABI.cpp.o -lstdc++ -lm -lgcc_s -lgcc -lc -lgcc_s -lgcc /usr/lib/gcc/x86_64-redhat-linux/4.8.5/crtend.o /usr/lib/gcc/x86_64-redhat-linux/4.8.5/../../../../lib64/crtn.o
gmake[1]: Leaving directory `/gpfs/scratch/guest438/ENGN2560/ENGN2560/opencv-2.4.13.6/build/CMakeFiles/CMakeTmp'


Parsed CXX implicit link information from above output:
  link line regex: [^( *|.*[/\])(ld|([^/\]+-)?ld|collect2)[^/\]*( |$)]
  ignore line: [Change Dir: /users/guest438/scratch/ENGN2560/ENGN2560/opencv-2.4.13.6/build/CMakeFiles/CMakeTmp]
  ignore line: []
  ignore line: [Run Build Command:/usr/bin/gmake "cmTryCompileExec3339313639/fast"]
  ignore line: [/usr/bin/gmake -f CMakeFiles/cmTryCompileExec3339313639.dir/build.make CMakeFiles/cmTryCompileExec3339313639.dir/build]
  ignore line: [gmake[1]: Entering directory `/gpfs/scratch/guest438/ENGN2560/ENGN2560/opencv-2.4.13.6/build/CMakeFiles/CMakeTmp']
  ignore line: [/usr/bin/cmake -E cmake_progress_report /users/guest438/scratch/ENGN2560/ENGN2560/opencv-2.4.13.6/build/CMakeFiles/CMakeTmp/CMakeFiles 1]
  ignore line: [Building CXX object CMakeFiles/cmTryCompileExec3339313639.dir/CMakeCXXCompilerABI.cpp.o]
  ignore line: [/usr/bin/c++     -o CMakeFiles/cmTryCompileExec3339313639.dir/CMakeCXXCompilerABI.cpp.o -c /usr/share/cmake/Modules/CMakeCXXCompilerABI.cpp]
  ignore line: [Linking CXX executable cmTryCompileExec3339313639]
  ignore line: [/usr/bin/cmake -E cmake_link_script CMakeFiles/cmTryCompileExec3339313639.dir/link.txt --verbose=1]
  ignore line: [/usr/bin/c++      -v CMakeFiles/cmTryCompileExec3339313639.dir/CMakeCXXCompilerABI.cpp.o  -o cmTryCompileExec3339313639 -rdynamic  ]
  ignore line: [Using built-in specs.]
  ignore line: [COLLECT_GCC=/usr/bin/c++]
  ignore line: [COLLECT_LTO_WRAPPER=/usr/libexec/gcc/x86_64-redhat-linux/4.8.5/lto-wrapper]
  ignore line: [Target: x86_64-redhat-linux]
  ignore line: [Configured with: ../configure --prefix=/usr --mandir=/usr/share/man --infodir=/usr/share/info --with-bugurl=http://bugzilla.redhat.com/bugzilla --enable-bootstrap --enable-shared --enable-threads=posix --enable-checking=release --with-system-zlib --enable-__cxa_atexit --disable-libunwind-exceptions --enable-gnu-unique-object --enable-linker-build-id --with-linker-hash-style=gnu --enable-languages=c,c++,objc,obj-c++,java,fortran,ada,go,lto --enable-plugin --enable-initfini-array --disable-libgcj --with-isl=/builddir/build/BUILD/gcc-4.8.5-20150702/obj-x86_64-redhat-linux/isl-install --with-cloog=/builddir/build/BUILD/gcc-4.8.5-20150702/obj-x86_64-redhat-linux/cloog-install --enable-gnu-indirect-function --with-tune=generic --with-arch_32=x86-64 --build=x86_64-redhat-linux]
  ignore line: [Thread model: posix]
  ignore line: [gcc version 4.8.5 20150623 (Red Hat 4.8.5-11) (GCC) ]
  ignore line: [COMPILER_PATH=/usr/libexec/gcc/x86_64-redhat-linux/4.8.5/:/usr/libexec/gcc/x86_64-redhat-linux/4.8.5/:/usr/libexec/gcc/x86_64-redhat-linux/:/usr/lib/gcc/x86_64-redhat-linux/4.8.5/:/usr/lib/gcc/x86_64-redhat-linux/]
  ignore line: [LIBRARY_PATH=/usr/lib/gcc/x86_64-redhat-linux/4.8.5/:/usr/lib/gcc/x86_64-redhat-linux/4.8.5/../../../../lib64/:/lib/../lib64/:/usr/lib/../lib64/:/gpfs/runtime/opt/intel/2017.0/lib/intel64/:/gpfs/runtime/opt/intel/2017.0/mkl/lib/intel64/:/gpfs/runtime/opt/python/2.7.12/lib/:/usr/lib/gcc/x86_64-redhat-linux/4.8.5/../../../:/lib/:/usr/lib/]
  ignore line: [COLLECT_GCC_OPTIONS='-v' '-o' 'cmTryCompileExec3339313639' '-rdynamic' '-shared-libgcc' '-mtune=generic' '-march=x86-64']
  link line: [ /usr/libexec/gcc/x86_64-redhat-linux/4.8.5/collect2 --build-id --no-add-needed --eh-frame-hdr --hash-style=gnu -m elf_x86_64 -export-dynamic -dynamic-linker /lib64/ld-linux-x86-64.so.2 -o cmTryCompileExec3339313639 /usr/lib/gcc/x86_64-redhat-linux/4.8.5/../../../../lib64/crt1.o /usr/lib/gcc/x86_64-redhat-linux/4.8.5/../../../../lib64/crti.o /usr/lib/gcc/x86_64-redhat-linux/4.8.5/crtbegin.o -L/usr/lib/gcc/x86_64-redhat-linux/4.8.5 -L/usr/lib/gcc/x86_64-redhat-linux/4.8.5/../../../../lib64 -L/lib/../lib64 -L/usr/lib/../lib64 -L/gpfs/runtime/opt/intel/2017.0/lib/intel64 -L/gpfs/runtime/opt/intel/2017.0/mkl/lib/intel64 -L/gpfs/runtime/opt/python/2.7.12/lib -L/usr/lib/gcc/x86_64-redhat-linux/4.8.5/../../.. CMakeFiles/cmTryCompileExec3339313639.dir/CMakeCXXCompilerABI.cpp.o -lstdc++ -lm -lgcc_s -lgcc -lc -lgcc_s -lgcc /usr/lib/gcc/x86_64-redhat-linux/4.8.5/crtend.o /usr/lib/gcc/x86_64-redhat-linux/4.8.5/../../../../lib64/crtn.o]
    arg [/usr/libexec/gcc/x86_64-redhat-linux/4.8.5/collect2] ==> ignore
    arg [--build-id] ==> ignore
    arg [--no-add-needed] ==> ignore
    arg [--eh-frame-hdr] ==> ignore
    arg [--hash-style=gnu] ==> ignore
    arg [-m] ==> ignore
    arg [elf_x86_64] ==> ignore
    arg [-export-dynamic] ==> ignore
    arg [-dynamic-linker] ==> ignore
    arg [/lib64/ld-linux-x86-64.so.2] ==> ignore
    arg [-o] ==> ignore
    arg [cmTryCompileExec3339313639] ==> ignore
    arg [/usr/lib/gcc/x86_64-redhat-linux/4.8.5/../../../../lib64/crt1.o] ==> ignore
    arg [/usr/lib/gcc/x86_64-redhat-linux/4.8.5/../../../../lib64/crti.o] ==> ignore
    arg [/usr/lib/gcc/x86_64-redhat-linux/4.8.5/crtbegin.o] ==> ignore
    arg [-L/usr/lib/gcc/x86_64-redhat-linux/4.8.5] ==> dir [/usr/lib/gcc/x86_64-redhat-linux/4.8.5]
    arg [-L/usr/lib/gcc/x86_64-redhat-linux/4.8.5/../../../../lib64] ==> dir [/usr/lib/gcc/x86_64-redhat-linux/4.8.5/../../../../lib64]
    arg [-L/lib/../lib64] ==> dir [/lib/../lib64]
    arg [-L/usr/lib/../lib64] ==> dir [/usr/lib/../lib64]
    arg [-L/gpfs/runtime/opt/intel/2017.0/lib/intel64] ==> dir [/gpfs/runtime/opt/intel/2017.0/lib/intel64]
    arg [-L/gpfs/runtime/opt/intel/2017.0/mkl/lib/intel64] ==> dir [/gpfs/runtime/opt/intel/2017.0/mkl/lib/intel64]
    arg [-L/gpfs/runtime/opt/python/2.7.12/lib] ==> dir [/gpfs/runtime/opt/python/2.7.12/lib]
    arg [-L/usr/lib/gcc/x86_64-redhat-linux/4.8.5/../../..] ==> dir [/usr/lib/gcc/x86_64-redhat-linux/4.8.5/../../..]
    arg [CMakeFiles/cmTryCompileExec3339313639.dir/CMakeCXXCompilerABI.cpp.o] ==> ignore
    arg [-lstdc++] ==> lib [stdc++]
    arg [-lm] ==> lib [m]
    arg [-lgcc_s] ==> lib [gcc_s]
    arg [-lgcc] ==> lib [gcc]
    arg [-lc] ==> lib [c]
    arg [-lgcc_s] ==> lib [gcc_s]
    arg [-lgcc] ==> lib [gcc]
    arg [/usr/lib/gcc/x86_64-redhat-linux/4.8.5/crtend.o] ==> ignore
    arg [/usr/lib/gcc/x86_64-redhat-linux/4.8.5/../../../../lib64/crtn.o] ==> ignore
  remove lib [gcc_s]
  remove lib [gcc]
  remove lib [gcc_s]
  remove lib [gcc]
  collapse library dir [/usr/lib/gcc/x86_64-redhat-linux/4.8.5] ==> [/usr/lib/gcc/x86_64-redhat-linux/4.8.5]
  collapse library dir [/usr/lib/gcc/x86_64-redhat-linux/4.8.5/../../../../lib64] ==> [/usr/lib64]
  collapse library dir [/lib/../lib64] ==> [/lib64]
  collapse library dir [/usr/lib/../lib64] ==> [/usr/lib64]
  collapse library dir [/gpfs/runtime/opt/intel/2017.0/lib/intel64] ==> [/gpfs/runtime/opt/intel/2017.0/lib/intel64]
  collapse library dir [/gpfs/runtime/opt/intel/2017.0/mkl/lib/intel64] ==> [/gpfs/runtime/opt/intel/2017.0/mkl/lib/intel64]
  collapse library dir [/gpfs/runtime/opt/python/2.7.12/lib] ==> [/gpfs/runtime/opt/python/2.7.12/lib]
  collapse library dir [/usr/lib/gcc/x86_64-redhat-linux/4.8.5/../../..] ==> [/usr/lib]
  implicit libs: [stdc++;m;c]
  implicit dirs: [/usr/lib/gcc/x86_64-redhat-linux/4.8.5;/usr/lib64;/lib64;/gpfs/runtime/opt/intel/2017.0/lib/intel64;/gpfs/runtime/opt/intel/2017.0/mkl/lib/intel64;/gpfs/runtime/opt/python/2.7.12/lib;/usr/lib]
  implicit fwks: []


Determining if the C compiler works passed with the following output:
Change Dir: /users/guest438/scratch/ENGN2560/ENGN2560/opencv-2.4.13.6/build/CMakeFiles/CMakeTmp

Run Build Command:/usr/bin/gmake "cmTryCompileExec3813844277/fast"
/usr/bin/gmake -f CMakeFiles/cmTryCompileExec3813844277.dir/build.make CMakeFiles/cmTryCompileExec3813844277.dir/build
gmake[1]: Entering directory `/gpfs/scratch/guest438/ENGN2560/ENGN2560/opencv-2.4.13.6/build/CMakeFiles/CMakeTmp'
/usr/bin/cmake -E cmake_progress_report /users/guest438/scratch/ENGN2560/ENGN2560/opencv-2.4.13.6/build/CMakeFiles/CMakeTmp/CMakeFiles 1
Building C object CMakeFiles/cmTryCompileExec3813844277.dir/testCCompiler.c.o
/usr/bin/cc    -o CMakeFiles/cmTryCompileExec3813844277.dir/testCCompiler.c.o   -c /users/guest438/scratch/ENGN2560/ENGN2560/opencv-2.4.13.6/build/CMakeFiles/CMakeTmp/testCCompiler.c
Linking C executable cmTryCompileExec3813844277
/usr/bin/cmake -E cmake_link_script CMakeFiles/cmTryCompileExec3813844277.dir/link.txt --verbose=1
/usr/bin/cc       CMakeFiles/cmTryCompileExec3813844277.dir/testCCompiler.c.o  -o cmTryCompileExec3813844277 -rdynamic 
gmake[1]: Leaving directory `/gpfs/scratch/guest438/ENGN2560/ENGN2560/opencv-2.4.13.6/build/CMakeFiles/CMakeTmp'


Detecting C compiler ABI info compiled with the following output:
Change Dir: /users/guest438/scratch/ENGN2560/ENGN2560/opencv-2.4.13.6/build/CMakeFiles/CMakeTmp

Run Build Command:/usr/bin/gmake "cmTryCompileExec953074974/fast"
/usr/bin/gmake -f CMakeFiles/cmTryCompileExec953074974.dir/build.make CMakeFiles/cmTryCompileExec953074974.dir/build
gmake[1]: Entering directory `/gpfs/scratch/guest438/ENGN2560/ENGN2560/opencv-2.4.13.6/build/CMakeFiles/CMakeTmp'
/usr/bin/cmake -E cmake_progress_report /users/guest438/scratch/ENGN2560/ENGN2560/opencv-2.4.13.6/build/CMakeFiles/CMakeTmp/CMakeFiles 1
Building C object CMakeFiles/cmTryCompileExec953074974.dir/CMakeCCompilerABI.c.o
/usr/bin/cc    -o CMakeFiles/cmTryCompileExec953074974.dir/CMakeCCompilerABI.c.o   -c /usr/share/cmake/Modules/CMakeCCompilerABI.c
Linking C executable cmTryCompileExec953074974
/usr/bin/cmake -E cmake_link_script CMakeFiles/cmTryCompileExec953074974.dir/link.txt --verbose=1
/usr/bin/cc     -v CMakeFiles/cmTryCompileExec953074974.dir/CMakeCCompilerABI.c.o  -o cmTryCompileExec953074974 -rdynamic  
Using built-in specs.
COLLECT_GCC=/usr/bin/cc
COLLECT_LTO_WRAPPER=/usr/libexec/gcc/x86_64-redhat-linux/4.8.5/lto-wrapper
Target: x86_64-redhat-linux
Configured with: ../configure --prefix=/usr --mandir=/usr/share/man --infodir=/usr/share/info --with-bugurl=http://bugzilla.redhat.com/bugzilla --enable-bootstrap --enable-shared --enable-threads=posix --enable-checking=release --with-system-zlib --enable-__cxa_atexit --disable-libunwind-exceptions --enable-gnu-unique-object --enable-linker-build-id --with-linker-hash-style=gnu --enable-languages=c,c++,objc,obj-c++,java,fortran,ada,go,lto --enable-plugin --enable-initfini-array --disable-libgcj --with-isl=/builddir/build/BUILD/gcc-4.8.5-20150702/obj-x86_64-redhat-linux/isl-install --with-cloog=/builddir/build/BUILD/gcc-4.8.5-20150702/obj-x86_64-redhat-linux/cloog-install --enable-gnu-indirect-function --with-tune=generic --with-arch_32=x86-64 --build=x86_64-redhat-linux
Thread model: posix
gcc version 4.8.5 20150623 (Red Hat 4.8.5-11) (GCC) 
COMPILER_PATH=/usr/libexec/gcc/x86_64-redhat-linux/4.8.5/:/usr/libexec/gcc/x86_64-redhat-linux/4.8.5/:/usr/libexec/gcc/x86_64-redhat-linux/:/usr/lib/gcc/x86_64-redhat-linux/4.8.5/:/usr/lib/gcc/x86_64-redhat-linux/
LIBRARY_PATH=/usr/lib/gcc/x86_64-redhat-linux/4.8.5/:/usr/lib/gcc/x86_64-redhat-linux/4.8.5/../../../../lib64/:/lib/../lib64/:/usr/lib/../lib64/:/gpfs/runtime/opt/intel/2017.0/lib/intel64/:/gpfs/runtime/opt/intel/2017.0/mkl/lib/intel64/:/gpfs/runtime/opt/python/2.7.12/lib/:/usr/lib/gcc/x86_64-redhat-linux/4.8.5/../../../:/lib/:/usr/lib/
COLLECT_GCC_OPTIONS='-v' '-o' 'cmTryCompileExec953074974' '-rdynamic' '-mtune=generic' '-march=x86-64'
 /usr/libexec/gcc/x86_64-redhat-linux/4.8.5/collect2 --build-id --no-add-needed --eh-frame-hdr --hash-style=gnu -m elf_x86_64 -export-dynamic -dynamic-linker /lib64/ld-linux-x86-64.so.2 -o cmTryCompileExec953074974 /usr/lib/gcc/x86_64-redhat-linux/4.8.5/../../../../lib64/crt1.o /usr/lib/gcc/x86_64-redhat-linux/4.8.5/../../../../lib64/crti.o /usr/lib/gcc/x86_64-redhat-linux/4.8.5/crtbegin.o -L/usr/lib/gcc/x86_64-redhat-linux/4.8.5 -L/usr/lib/gcc/x86_64-redhat-linux/4.8.5/../../../../lib64 -L/lib/../lib64 -L/usr/lib/../lib64 -L/gpfs/runtime/opt/intel/2017.0/lib/intel64 -L/gpfs/runtime/opt/intel/2017.0/mkl/lib/intel64 -L/gpfs/runtime/opt/python/2.7.12/lib -L/usr/lib/gcc/x86_64-redhat-linux/4.8.5/../../.. CMakeFiles/cmTryCompileExec953074974.dir/CMakeCCompilerABI.c.o -lgcc --as-needed -lgcc_s --no-as-needed -lc -lgcc --as-needed -lgcc_s --no-as-needed /usr/lib/gcc/x86_64-redhat-linux/4.8.5/crtend.o /usr/lib/gcc/x86_64-redhat-linux/4.8.5/../../../../lib64/crtn.o
gmake[1]: Leaving directory `/gpfs/scratch/guest438/ENGN2560/ENGN2560/opencv-2.4.13.6/build/CMakeFiles/CMakeTmp'


Parsed C implicit link information from above output:
  link line regex: [^( *|.*[/\])(ld|([^/\]+-)?ld|collect2)[^/\]*( |$)]
  ignore line: [Change Dir: /users/guest438/scratch/ENGN2560/ENGN2560/opencv-2.4.13.6/build/CMakeFiles/CMakeTmp]
  ignore line: []
  ignore line: [Run Build Command:/usr/bin/gmake "cmTryCompileExec953074974/fast"]
  ignore line: [/usr/bin/gmake -f CMakeFiles/cmTryCompileExec953074974.dir/build.make CMakeFiles/cmTryCompileExec953074974.dir/build]
  ignore line: [gmake[1]: Entering directory `/gpfs/scratch/guest438/ENGN2560/ENGN2560/opencv-2.4.13.6/build/CMakeFiles/CMakeTmp']
  ignore line: [/usr/bin/cmake -E cmake_progress_report /users/guest438/scratch/ENGN2560/ENGN2560/opencv-2.4.13.6/build/CMakeFiles/CMakeTmp/CMakeFiles 1]
  ignore line: [Building C object CMakeFiles/cmTryCompileExec953074974.dir/CMakeCCompilerABI.c.o]
  ignore line: [/usr/bin/cc    -o CMakeFiles/cmTryCompileExec953074974.dir/CMakeCCompilerABI.c.o   -c /usr/share/cmake/Modules/CMakeCCompilerABI.c]
  ignore line: [Linking C executable cmTryCompileExec953074974]
  ignore line: [/usr/bin/cmake -E cmake_link_script CMakeFiles/cmTryCompileExec953074974.dir/link.txt --verbose=1]
  ignore line: [/usr/bin/cc     -v CMakeFiles/cmTryCompileExec953074974.dir/CMakeCCompilerABI.c.o  -o cmTryCompileExec953074974 -rdynamic  ]
  ignore line: [Using built-in specs.]
  ignore line: [COLLECT_GCC=/usr/bin/cc]
  ignore line: [COLLECT_LTO_WRAPPER=/usr/libexec/gcc/x86_64-redhat-linux/4.8.5/lto-wrapper]
  ignore line: [Target: x86_64-redhat-linux]
  ignore line: [Configured with: ../configure --prefix=/usr --mandir=/usr/share/man --infodir=/usr/share/info --with-bugurl=http://bugzilla.redhat.com/bugzilla --enable-bootstrap --enable-shared --enable-threads=posix --enable-checking=release --with-system-zlib --enable-__cxa_atexit --disable-libunwind-exceptions --enable-gnu-unique-object --enable-linker-build-id --with-linker-hash-style=gnu --enable-languages=c,c++,objc,obj-c++,java,fortran,ada,go,lto --enable-plugin --enable-initfini-array --disable-libgcj --with-isl=/builddir/build/BUILD/gcc-4.8.5-20150702/obj-x86_64-redhat-linux/isl-install --with-cloog=/builddir/build/BUILD/gcc-4.8.5-20150702/obj-x86_64-redhat-linux/cloog-install --enable-gnu-indirect-function --with-tune=generic --with-arch_32=x86-64 --build=x86_64-redhat-linux]
  ignore line: [Thread model: posix]
  ignore line: [gcc version 4.8.5 20150623 (Red Hat 4.8.5-11) (GCC) ]
  ignore line: [COMPILER_PATH=/usr/libexec/gcc/x86_64-redhat-linux/4.8.5/:/usr/libexec/gcc/x86_64-redhat-linux/4.8.5/:/usr/libexec/gcc/x86_64-redhat-linux/:/usr/lib/gcc/x86_64-redhat-linux/4.8.5/:/usr/lib/gcc/x86_64-redhat-linux/]
  ignore line: [LIBRARY_PATH=/usr/lib/gcc/x86_64-redhat-linux/4.8.5/:/usr/lib/gcc/x86_64-redhat-linux/4.8.5/../../../../lib64/:/lib/../lib64/:/usr/lib/../lib64/:/gpfs/runtime/opt/intel/2017.0/lib/intel64/:/gpfs/runtime/opt/intel/2017.0/mkl/lib/intel64/:/gpfs/runtime/opt/python/2.7.12/lib/:/usr/lib/gcc/x86_64-redhat-linux/4.8.5/../../../:/lib/:/usr/lib/]
  ignore line: [COLLECT_GCC_OPTIONS='-v' '-o' 'cmTryCompileExec953074974' '-rdynamic' '-mtune=generic' '-march=x86-64']
  link line: [ /usr/libexec/gcc/x86_64-redhat-linux/4.8.5/collect2 --build-id --no-add-needed --eh-frame-hdr --hash-style=gnu -m elf_x86_64 -export-dynamic -dynamic-linker /lib64/ld-linux-x86-64.so.2 -o cmTryCompileExec953074974 /usr/lib/gcc/x86_64-redhat-linux/4.8.5/../../../../lib64/crt1.o /usr/lib/gcc/x86_64-redhat-linux/4.8.5/../../../../lib64/crti.o /usr/lib/gcc/x86_64-redhat-linux/4.8.5/crtbegin.o -L/usr/lib/gcc/x86_64-redhat-linux/4.8.5 -L/usr/lib/gcc/x86_64-redhat-linux/4.8.5/../../../../lib64 -L/lib/../lib64 -L/usr/lib/../lib64 -L/gpfs/runtime/opt/intel/2017.0/lib/intel64 -L/gpfs/runtime/opt/intel/2017.0/mkl/lib/intel64 -L/gpfs/runtime/opt/python/2.7.12/lib -L/usr/lib/gcc/x86_64-redhat-linux/4.8.5/../../.. CMakeFiles/cmTryCompileExec953074974.dir/CMakeCCompilerABI.c.o -lgcc --as-needed -lgcc_s --no-as-needed -lc -lgcc --as-needed -lgcc_s --no-as-needed /usr/lib/gcc/x86_64-redhat-linux/4.8.5/crtend.o /usr/lib/gcc/x86_64-redhat-linux/4.8.5/../../../../lib64/crtn.o]
    arg [/usr/libexec/gcc/x86_64-redhat-linux/4.8.5/collect2] ==> ignore
    arg [--build-id] ==> ignore
    arg [--no-add-needed] ==> ignore
    arg [--eh-frame-hdr] ==> ignore
    arg [--hash-style=gnu] ==> ignore
    arg [-m] ==> ignore
    arg [elf_x86_64] ==> ignore
    arg [-export-dynamic] ==> ignore
    arg [-dynamic-linker] ==> ignore
    arg [/lib64/ld-linux-x86-64.so.2] ==> ignore
    arg [-o] ==> ignore
    arg [cmTryCompileExec953074974] ==> ignore
    arg [/usr/lib/gcc/x86_64-redhat-linux/4.8.5/../../../../lib64/crt1.o] ==> ignore
    arg [/usr/lib/gcc/x86_64-redhat-linux/4.8.5/../../../../lib64/crti.o] ==> ignore
    arg [/usr/lib/gcc/x86_64-redhat-linux/4.8.5/crtbegin.o] ==> ignore
    arg [-L/usr/lib/gcc/x86_64-redhat-linux/4.8.5] ==> dir [/usr/lib/gcc/x86_64-redhat-linux/4.8.5]
    arg [-L/usr/lib/gcc/x86_64-redhat-linux/4.8.5/../../../../lib64] ==> dir [/usr/lib/gcc/x86_64-redhat-linux/4.8.5/../../../../lib64]
    arg [-L/lib/../lib64] ==> dir [/lib/../lib64]
    arg [-L/usr/lib/../lib64] ==> dir [/usr/lib/../lib64]
    arg [-L/gpfs/runtime/opt/intel/2017.0/lib/intel64] ==> dir [/gpfs/runtime/opt/intel/2017.0/lib/intel64]
    arg [-L/gpfs/runtime/opt/intel/2017.0/mkl/lib/intel64] ==> dir [/gpfs/runtime/opt/intel/2017.0/mkl/lib/intel64]
    arg [-L/gpfs/runtime/opt/python/2.7.12/lib] ==> dir [/gpfs/runtime/opt/python/2.7.12/lib]
    arg [-L/usr/lib/gcc/x86_64-redhat-linux/4.8.5/../../..] ==> dir [/usr/lib/gcc/x86_64-redhat-linux/4.8.5/../../..]
    arg [CMakeFiles/cmTryCompileExec953074974.dir/CMakeCCompilerABI.c.o] ==> ignore
    arg [-lgcc] ==> lib [gcc]
    arg [--as-needed] ==> ignore
    arg [-lgcc_s] ==> lib [gcc_s]
    arg [--no-as-needed] ==> ignore
    arg [-lc] ==> lib [c]
    arg [-lgcc] ==> lib [gcc]
    arg [--as-needed] ==> ignore
    arg [-lgcc_s] ==> lib [gcc_s]
    arg [--no-as-needed] ==> ignore
    arg [/usr/lib/gcc/x86_64-redhat-linux/4.8.5/crtend.o] ==> ignore
    arg [/usr/lib/gcc/x86_64-redhat-linux/4.8.5/../../../../lib64/crtn.o] ==> ignore
  remove lib [gcc]
  remove lib [gcc_s]
  remove lib [gcc]
  remove lib [gcc_s]
  collapse library dir [/usr/lib/gcc/x86_64-redhat-linux/4.8.5] ==> [/usr/lib/gcc/x86_64-redhat-linux/4.8.5]
  collapse library dir [/usr/lib/gcc/x86_64-redhat-linux/4.8.5/../../../../lib64] ==> [/usr/lib64]
  collapse library dir [/lib/../lib64] ==> [/lib64]
  collapse library dir [/usr/lib/../lib64] ==> [/usr/lib64]
  collapse library dir [/gpfs/runtime/opt/intel/2017.0/lib/intel64] ==> [/gpfs/runtime/opt/intel/2017.0/lib/intel64]
  collapse library dir [/gpfs/runtime/opt/intel/2017.0/mkl/lib/intel64] ==> [/gpfs/runtime/opt/intel/2017.0/mkl/lib/intel64]
  collapse library dir [/gpfs/runtime/opt/python/2.7.12/lib] ==> [/gpfs/runtime/opt/python/2.7.12/lib]
  collapse library dir [/usr/lib/gcc/x86_64-redhat-linux/4.8.5/../../..] ==> [/usr/lib]
  implicit libs: [c]
  implicit dirs: [/usr/lib/gcc/x86_64-redhat-linux/4.8.5;/usr/lib64;/lib64;/gpfs/runtime/opt/intel/2017.0/lib/intel64;/gpfs/runtime/opt/intel/2017.0/mkl/lib/intel64;/gpfs/runtime/opt/python/2.7.12/lib;/usr/lib]
  implicit fwks: []


Determining if the include file pthread.h exists passed with the following output:
Change Dir: /users/guest438/scratch/ENGN2560/ENGN2560/opencv-2.4.13.6/build/CMakeFiles/CMakeTmp

Run Build Command:/usr/bin/gmake "cmTryCompileExec3194512532/fast"
/usr/bin/gmake -f CMakeFiles/cmTryCompileExec3194512532.dir/build.make CMakeFiles/cmTryCompileExec3194512532.dir/build
gmake[1]: Entering directory `/gpfs/scratch/guest438/ENGN2560/ENGN2560/opencv-2.4.13.6/build/CMakeFiles/CMakeTmp'
/usr/bin/cmake -E cmake_progress_report /users/guest438/scratch/ENGN2560/ENGN2560/opencv-2.4.13.6/build/CMakeFiles/CMakeTmp/CMakeFiles 1
Building C object CMakeFiles/cmTryCompileExec3194512532.dir/CheckIncludeFile.c.o
/usr/bin/cc   -fsigned-char -W -Wall -Werror=return-type -Werror=address -Werror=sequence-point -Wformat -Werror=format-security -Wmissing-declarations -Wmissing-prototypes -Wstrict-prototypes -Wundef -Winit-self -Wpointer-arith -Wshadow -Wno-narrowing -Wno-comment -Wno-array-bounds -Wno-aggressive-loop-optimizations -fdiagnostics-show-option -Wno-long-long -pthread -fomit-frame-pointer -msse -msse2 -msse3 -ffunction-sections  -O3 -DNDEBUG   -o CMakeFiles/cmTryCompileExec3194512532.dir/CheckIncludeFile.c.o   -c /users/guest438/scratch/ENGN2560/ENGN2560/opencv-2.4.13.6/build/CMakeFiles/CMakeTmp/CheckIncludeFile.c
Linking C executable cmTryCompileExec3194512532
/usr/bin/cmake -E cmake_link_script CMakeFiles/cmTryCompileExec3194512532.dir/link.txt --verbose=1
/usr/bin/cc     -fsigned-char -W -Wall -Werror=return-type -Werror=address -Werror=sequence-point -Wformat -Werror=format-security -Wmissing-declarations -Wmissing-prototypes -Wstrict-prototypes -Wundef -Winit-self -Wpointer-arith -Wshadow -Wno-narrowing -Wno-comment -Wno-array-bounds -Wno-aggressive-loop-optimizations -fdiagnostics-show-option -Wno-long-long -pthread -fomit-frame-pointer -msse -msse2 -msse3 -ffunction-sections  -O3 -DNDEBUG    CMakeFiles/cmTryCompileExec3194512532.dir/CheckIncludeFile.c.o  -o cmTryCompileExec3194512532 -rdynamic 
gmake[1]: Leaving directory `/gpfs/scratch/guest438/ENGN2560/ENGN2560/opencv-2.4.13.6/build/CMakeFiles/CMakeTmp'


Determining if the include file sys/types.h exists passed with the following output:
Change Dir: /users/guest438/scratch/ENGN2560/ENGN2560/opencv-2.4.13.6/build/CMakeFiles/CMakeTmp

Run Build Command:/usr/bin/gmake "cmTryCompileExec1929369347/fast"
/usr/bin/gmake -f CMakeFiles/cmTryCompileExec1929369347.dir/build.make CMakeFiles/cmTryCompileExec1929369347.dir/build
gmake[1]: Entering directory `/gpfs/scratch/guest438/ENGN2560/ENGN2560/opencv-2.4.13.6/build/CMakeFiles/CMakeTmp'
/usr/bin/cmake -E cmake_progress_report /users/guest438/scratch/ENGN2560/ENGN2560/opencv-2.4.13.6/build/CMakeFiles/CMakeTmp/CMakeFiles 1
Building C object CMakeFiles/cmTryCompileExec1929369347.dir/CheckIncludeFile.c.o
/usr/bin/cc   -fsigned-char -W -Wall -Werror=return-type -Werror=address -Werror=sequence-point -Wformat -Werror=format-security -Wmissing-declarations -Wmissing-prototypes -Wstrict-prototypes -Wundef -Winit-self -Wpointer-arith -Wshadow -Wno-narrowing -Wno-comment -Wno-array-bounds -Wno-aggressive-loop-optimizations -fdiagnostics-show-option -Wno-long-long -pthread -fomit-frame-pointer -msse -msse2 -msse3 -ffunction-sections  -O3 -DNDEBUG   -o CMakeFiles/cmTryCompileExec1929369347.dir/CheckIncludeFile.c.o   -c /users/guest438/scratch/ENGN2560/ENGN2560/opencv-2.4.13.6/build/CMakeFiles/CMakeTmp/CheckIncludeFile.c
Linking C executable cmTryCompileExec1929369347
/usr/bin/cmake -E cmake_link_script CMakeFiles/cmTryCompileExec1929369347.dir/link.txt --verbose=1
/usr/bin/cc     -fsigned-char -W -Wall -Werror=return-type -Werror=address -Werror=sequence-point -Wformat -Werror=format-security -Wmissing-declarations -Wmissing-prototypes -Wstrict-prototypes -Wundef -Winit-self -Wpointer-arith -Wshadow -Wno-narrowing -Wno-comment -Wno-array-bounds -Wno-aggressive-loop-optimizations -fdiagnostics-show-option -Wno-long-long -pthread -fomit-frame-pointer -msse -msse2 -msse3 -ffunction-sections  -O3 -DNDEBUG    CMakeFiles/cmTryCompileExec1929369347.dir/CheckIncludeFile.c.o  -o cmTryCompileExec1929369347 -rdynamic 
gmake[1]: Leaving directory `/gpfs/scratch/guest438/ENGN2560/ENGN2560/opencv-2.4.13.6/build/CMakeFiles/CMakeTmp'


Determining if the include file stdint.h exists passed with the following output:
Change Dir: /users/guest438/scratch/ENGN2560/ENGN2560/opencv-2.4.13.6/build/CMakeFiles/CMakeTmp

Run Build Command:/usr/bin/gmake "cmTryCompileExec3892532340/fast"
/usr/bin/gmake -f CMakeFiles/cmTryCompileExec3892532340.dir/build.make CMakeFiles/cmTryCompileExec3892532340.dir/build
gmake[1]: Entering directory `/gpfs/scratch/guest438/ENGN2560/ENGN2560/opencv-2.4.13.6/build/CMakeFiles/CMakeTmp'
/usr/bin/cmake -E cmake_progress_report /users/guest438/scratch/ENGN2560/ENGN2560/opencv-2.4.13.6/build/CMakeFiles/CMakeTmp/CMakeFiles 1
Building C object CMakeFiles/cmTryCompileExec3892532340.dir/CheckIncludeFile.c.o
/usr/bin/cc   -fsigned-char -W -Wall -Werror=return-type -Werror=address -Werror=sequence-point -Wformat -Werror=format-security -Wmissing-declarations -Wmissing-prototypes -Wstrict-prototypes -Wundef -Winit-self -Wpointer-arith -Wshadow -Wno-narrowing -Wno-comment -Wno-array-bounds -Wno-aggressive-loop-optimizations -fdiagnostics-show-option -Wno-long-long -pthread -fomit-frame-pointer -msse -msse2 -msse3 -ffunction-sections  -O3 -DNDEBUG   -o CMakeFiles/cmTryCompileExec3892532340.dir/CheckIncludeFile.c.o   -c /users/guest438/scratch/ENGN2560/ENGN2560/opencv-2.4.13.6/build/CMakeFiles/CMakeTmp/CheckIncludeFile.c
Linking C executable cmTryCompileExec3892532340
/usr/bin/cmake -E cmake_link_script CMakeFiles/cmTryCompileExec3892532340.dir/link.txt --verbose=1
/usr/bin/cc     -fsigned-char -W -Wall -Werror=return-type -Werror=address -Werror=sequence-point -Wformat -Werror=format-security -Wmissing-declarations -Wmissing-prototypes -Wstrict-prototypes -Wundef -Winit-self -Wpointer-arith -Wshadow -Wno-narrowing -Wno-comment -Wno-array-bounds -Wno-aggressive-loop-optimizations -fdiagnostics-show-option -Wno-long-long -pthread -fomit-frame-pointer -msse -msse2 -msse3 -ffunction-sections  -O3 -DNDEBUG    CMakeFiles/cmTryCompileExec3892532340.dir/CheckIncludeFile.c.o  -o cmTryCompileExec3892532340 -rdynamic 
gmake[1]: Leaving directory `/gpfs/scratch/guest438/ENGN2560/ENGN2560/opencv-2.4.13.6/build/CMakeFiles/CMakeTmp'


Determining if the include file stddef.h exists passed with the following output:
Change Dir: /users/guest438/scratch/ENGN2560/ENGN2560/opencv-2.4.13.6/build/CMakeFiles/CMakeTmp

Run Build Command:/usr/bin/gmake "cmTryCompileExec2079012795/fast"
/usr/bin/gmake -f CMakeFiles/cmTryCompileExec2079012795.dir/build.make CMakeFiles/cmTryCompileExec2079012795.dir/build
gmake[1]: Entering directory `/gpfs/scratch/guest438/ENGN2560/ENGN2560/opencv-2.4.13.6/build/CMakeFiles/CMakeTmp'
/usr/bin/cmake -E cmake_progress_report /users/guest438/scratch/ENGN2560/ENGN2560/opencv-2.4.13.6/build/CMakeFiles/CMakeTmp/CMakeFiles 1
Building C object CMakeFiles/cmTryCompileExec2079012795.dir/CheckIncludeFile.c.o
/usr/bin/cc   -fsigned-char -W -Wall -Werror=return-type -Werror=address -Werror=sequence-point -Wformat -Werror=format-security -Wmissing-declarations -Wmissing-prototypes -Wstrict-prototypes -Wundef -Winit-self -Wpointer-arith -Wshadow -Wno-narrowing -Wno-comment -Wno-array-bounds -Wno-aggressive-loop-optimizations -fdiagnostics-show-option -Wno-long-long -pthread -fomit-frame-pointer -msse -msse2 -msse3 -ffunction-sections  -O3 -DNDEBUG   -o CMakeFiles/cmTryCompileExec2079012795.dir/CheckIncludeFile.c.o   -c /users/guest438/scratch/ENGN2560/ENGN2560/opencv-2.4.13.6/build/CMakeFiles/CMakeTmp/CheckIncludeFile.c
Linking C executable cmTryCompileExec2079012795
/usr/bin/cmake -E cmake_link_script CMakeFiles/cmTryCompileExec2079012795.dir/link.txt --verbose=1
/usr/bin/cc     -fsigned-char -W -Wall -Werror=return-type -Werror=address -Werror=sequence-point -Wformat -Werror=format-security -Wmissing-declarations -Wmissing-prototypes -Wstrict-prototypes -Wundef -Winit-self -Wpointer-arith -Wshadow -Wno-narrowing -Wno-comment -Wno-array-bounds -Wno-aggressive-loop-optimizations -fdiagnostics-show-option -Wno-long-long -pthread -fomit-frame-pointer -msse -msse2 -msse3 -ffunction-sections  -O3 -DNDEBUG    CMakeFiles/cmTryCompileExec2079012795.dir/CheckIncludeFile.c.o  -o cmTryCompileExec2079012795 -rdynamic 
gmake[1]: Leaving directory `/gpfs/scratch/guest438/ENGN2560/ENGN2560/opencv-2.4.13.6/build/CMakeFiles/CMakeTmp'


Determining size of unsigned short passed with the following output:
Change Dir: /users/guest438/scratch/ENGN2560/ENGN2560/opencv-2.4.13.6/build/CMakeFiles/CMakeTmp

Run Build Command:/usr/bin/gmake "cmTryCompileExec965435887/fast"
/usr/bin/gmake -f CMakeFiles/cmTryCompileExec965435887.dir/build.make CMakeFiles/cmTryCompileExec965435887.dir/build
gmake[1]: Entering directory `/gpfs/scratch/guest438/ENGN2560/ENGN2560/opencv-2.4.13.6/build/CMakeFiles/CMakeTmp'
/usr/bin/cmake -E cmake_progress_report /users/guest438/scratch/ENGN2560/ENGN2560/opencv-2.4.13.6/build/CMakeFiles/CMakeTmp/CMakeFiles 1
Building C object CMakeFiles/cmTryCompileExec965435887.dir/CMAKE_SIZEOF_UNSIGNED_SHORT.c.o
/usr/bin/cc   -fsigned-char -W -Wall -Werror=return-type -Werror=address -Werror=sequence-point -Wformat -Werror=format-security -Wmissing-declarations -Wmissing-prototypes -Wstrict-prototypes -Wundef -Winit-self -Wpointer-arith -Wshadow -Wno-narrowing -Wno-comment -Wno-array-bounds -Wno-aggressive-loop-optimizations -fdiagnostics-show-option -Wno-long-long -pthread -fomit-frame-pointer -msse -msse2 -msse3 -ffunction-sections  -O3 -DNDEBUG   -o CMakeFiles/cmTryCompileExec965435887.dir/CMAKE_SIZEOF_UNSIGNED_SHORT.c.o   -c /users/guest438/scratch/ENGN2560/ENGN2560/opencv-2.4.13.6/build/CMakeFiles/CheckTypeSize/CMAKE_SIZEOF_UNSIGNED_SHORT.c
Linking C executable cmTryCompileExec965435887
/usr/bin/cmake -E cmake_link_script CMakeFiles/cmTryCompileExec965435887.dir/link.txt --verbose=1
/usr/bin/cc     -fsigned-char -W -Wall -Werror=return-type -Werror=address -Werror=sequence-point -Wformat -Werror=format-security -Wmissing-declarations -Wmissing-prototypes -Wstrict-prototypes -Wundef -Winit-self -Wpointer-arith -Wshadow -Wno-narrowing -Wno-comment -Wno-array-bounds -Wno-aggressive-loop-optimizations -fdiagnostics-show-option -Wno-long-long -pthread -fomit-frame-pointer -msse -msse2 -msse3 -ffunction-sections  -O3 -DNDEBUG    CMakeFiles/cmTryCompileExec965435887.dir/CMAKE_SIZEOF_UNSIGNED_SHORT.c.o  -o cmTryCompileExec965435887 -rdynamic 
gmake[1]: Leaving directory `/gpfs/scratch/guest438/ENGN2560/ENGN2560/opencv-2.4.13.6/build/CMakeFiles/CMakeTmp'


Determining if the include file semaphore.h exists passed with the following output:
Change Dir: /users/guest438/scratch/ENGN2560/ENGN2560/opencv-2.4.13.6/build/CMakeFiles/CMakeTmp

Run Build Command:/usr/bin/gmake "cmTryCompileExec3015605314/fast"
/usr/bin/gmake -f CMakeFiles/cmTryCompileExec3015605314.dir/build.make CMakeFiles/cmTryCompileExec3015605314.dir/build
gmake[1]: Entering directory `/gpfs/scratch/guest438/ENGN2560/ENGN2560/opencv-2.4.13.6/build/CMakeFiles/CMakeTmp'
/usr/bin/cmake -E cmake_progress_report /users/guest438/scratch/ENGN2560/ENGN2560/opencv-2.4.13.6/build/CMakeFiles/CMakeTmp/CMakeFiles 1
Building C object CMakeFiles/cmTryCompileExec3015605314.dir/CheckIncludeFile.c.o
/usr/bin/cc   -fsigned-char -W -Wall -Werror=return-type -Werror=address -Werror=sequence-point -Wformat -Werror=format-security -Wmissing-declarations -Wmissing-prototypes -Wstrict-prototypes -Wundef -Winit-self -Wpointer-arith -Wshadow -Wno-narrowing -Wno-comment -Wno-array-bounds -Wno-aggressive-loop-optimizations -fdiagnostics-show-option -Wno-long-long -pthread -fomit-frame-pointer -msse -msse2 -msse3 -ffunction-sections  -O3 -DNDEBUG   -o CMakeFiles/cmTryCompileExec3015605314.dir/CheckIncludeFile.c.o   -c /users/guest438/scratch/ENGN2560/ENGN2560/opencv-2.4.13.6/build/CMakeFiles/CMakeTmp/CheckIncludeFile.c
Linking C executable cmTryCompileExec3015605314
/usr/bin/cmake -E cmake_link_script CMakeFiles/cmTryCompileExec3015605314.dir/link.txt --verbose=1
/usr/bin/cc     -fsigned-char -W -Wall -Werror=return-type -Werror=address -Werror=sequence-point -Wformat -Werror=format-security -Wmissing-declarations -Wmissing-prototypes -Wstrict-prototypes -Wundef -Winit-self -Wpointer-arith -Wshadow -Wno-narrowing -Wno-comment -Wno-array-bounds -Wno-aggressive-loop-optimizations -fdiagnostics-show-option -Wno-long-long -pthread -fomit-frame-pointer -msse -msse2 -msse3 -ffunction-sections  -O3 -DNDEBUG    CMakeFiles/cmTryCompileExec3015605314.dir/CheckIncludeFile.c.o  -o cmTryCompileExec3015605314 -rdynamic 
gmake[1]: Leaving directory `/gpfs/scratch/guest438/ENGN2560/ENGN2560/opencv-2.4.13.6/build/CMakeFiles/CMakeTmp'


Determining if the include file linux/videodev2.h exists passed with the following output:
Change Dir: /users/guest438/scratch/ENGN2560/ENGN2560/opencv-2.4.13.6/build/CMakeFiles/CMakeTmp

Run Build Command:/usr/bin/gmake "cmTryCompileExec3925339724/fast"
/usr/bin/gmake -f CMakeFiles/cmTryCompileExec3925339724.dir/build.make CMakeFiles/cmTryCompileExec3925339724.dir/build
gmake[1]: Entering directory `/gpfs/scratch/guest438/ENGN2560/ENGN2560/opencv-2.4.13.6/build/CMakeFiles/CMakeTmp'
/usr/bin/cmake -E cmake_progress_report /users/guest438/scratch/ENGN2560/ENGN2560/opencv-2.4.13.6/build/CMakeFiles/CMakeTmp/CMakeFiles 1
Building C object CMakeFiles/cmTryCompileExec3925339724.dir/CheckIncludeFile.c.o
/usr/bin/cc   -fsigned-char -W -Wall -Werror=return-type -Werror=address -Werror=sequence-point -Wformat -Werror=format-security -Wmissing-declarations -Wmissing-prototypes -Wstrict-prototypes -Wundef -Winit-self -Wpointer-arith -Wshadow -Wno-narrowing -Wno-comment -Wno-array-bounds -Wno-aggressive-loop-optimizations -fdiagnostics-show-option -Wno-long-long -pthread -fomit-frame-pointer -msse -msse2 -msse3 -ffunction-sections  -O3 -DNDEBUG   -o CMakeFiles/cmTryCompileExec3925339724.dir/CheckIncludeFile.c.o   -c /users/guest438/scratch/ENGN2560/ENGN2560/opencv-2.4.13.6/build/CMakeFiles/CMakeTmp/CheckIncludeFile.c
Linking C executable cmTryCompileExec3925339724
/usr/bin/cmake -E cmake_link_script CMakeFiles/cmTryCompileExec3925339724.dir/link.txt --verbose=1
/usr/bin/cc     -fsigned-char -W -Wall -Werror=return-type -Werror=address -Werror=sequence-point -Wformat -Werror=format-security -Wmissing-declarations -Wmissing-prototypes -Wstrict-prototypes -Wundef -Winit-self -Wpointer-arith -Wshadow -Wno-narrowing -Wno-comment -Wno-array-bounds -Wno-aggressive-loop-optimizations -fdiagnostics-show-option -Wno-long-long -pthread -fomit-frame-pointer -msse -msse2 -msse3 -ffunction-sections  -O3 -DNDEBUG    CMakeFiles/cmTryCompileExec3925339724.dir/CheckIncludeFile.c.o  -o cmTryCompileExec3925339724 -rdynamic 
gmake[1]: Leaving directory `/gpfs/scratch/guest438/ENGN2560/ENGN2560/opencv-2.4.13.6/build/CMakeFiles/CMakeTmp'


Determining if the include file linux/videodev2.h exists passed with the following output:
Change Dir: /users/guest438/scratch/ENGN2560/ENGN2560/opencv-2.4.13.6/build/CMakeFiles/CMakeTmp

Run Build Command:/usr/bin/gmake "cmTryCompileExec2242186550/fast"
/usr/bin/gmake -f CMakeFiles/cmTryCompileExec2242186550.dir/build.make CMakeFiles/cmTryCompileExec2242186550.dir/build
gmake[1]: Entering directory `/gpfs/scratch/guest438/ENGN2560/ENGN2560/opencv-2.4.13.6/build/CMakeFiles/CMakeTmp'
/usr/bin/cmake -E cmake_progress_report /users/guest438/scratch/ENGN2560/ENGN2560/opencv-2.4.13.6/build/CMakeFiles/CMakeTmp/CMakeFiles 1
Building C object CMakeFiles/cmTryCompileExec2242186550.dir/CheckIncludeFile.c.o
/usr/bin/cc   -fsigned-char -W -Wall -Werror=return-type -Werror=address -Werror=sequence-point -Wformat -Werror=format-security -Wmissing-declarations -Wmissing-prototypes -Wstrict-prototypes -Wundef -Winit-self -Wpointer-arith -Wshadow -Wno-narrowing -Wno-comment -Wno-array-bounds -Wno-aggressive-loop-optimizations -fdiagnostics-show-option -Wno-long-long -pthread -fomit-frame-pointer -msse -msse2 -msse3 -ffunction-sections  -O3 -DNDEBUG   -o CMakeFiles/cmTryCompileExec2242186550.dir/CheckIncludeFile.c.o   -c /users/guest438/scratch/ENGN2560/ENGN2560/opencv-2.4.13.6/build/CMakeFiles/CMakeTmp/CheckIncludeFile.c
Linking C executable cmTryCompileExec2242186550
/usr/bin/cmake -E cmake_link_script CMakeFiles/cmTryCompileExec2242186550.dir/link.txt --verbose=1
/usr/bin/cc     -fsigned-char -W -Wall -Werror=return-type -Werror=address -Werror=sequence-point -Wformat -Werror=format-security -Wmissing-declarations -Wmissing-prototypes -Wstrict-prototypes -Wundef -Winit-self -Wpointer-arith -Wshadow -Wno-narrowing -Wno-comment -Wno-array-bounds -Wno-aggressive-loop-optimizations -fdiagnostics-show-option -Wno-long-long -pthread -fomit-frame-pointer -msse -msse2 -msse3 -ffunction-sections  -O3 -DNDEBUG    CMakeFiles/cmTryCompileExec2242186550.dir/CheckIncludeFile.c.o  -o cmTryCompileExec2242186550 -rdynamic 
gmake[1]: Leaving directory `/gpfs/scratch/guest438/ENGN2560/ENGN2560/opencv-2.4.13.6/build/CMakeFiles/CMakeTmp'


Determining if the include file linux/videodev2.h exists passed with the following output:
Change Dir: /users/guest438/scratch/ENGN2560/ENGN2560/opencv-2.4.13.6/build/CMakeFiles/CMakeTmp

Run Build Command:/usr/bin/gmake "cmTryCompileExec3716867671/fast"
/usr/bin/gmake -f CMakeFiles/cmTryCompileExec3716867671.dir/build.make CMakeFiles/cmTryCompileExec3716867671.dir/build
gmake[1]: Entering directory `/gpfs/scratch/guest438/ENGN2560/ENGN2560/opencv-2.4.13.6/build/CMakeFiles/CMakeTmp'
/usr/bin/cmake -E cmake_progress_report /users/guest438/scratch/ENGN2560/ENGN2560/opencv-2.4.13.6/build/CMakeFiles/CMakeTmp/CMakeFiles 1
Building C object CMakeFiles/cmTryCompileExec3716867671.dir/CheckIncludeFile.c.o
/usr/bin/cc   -fsigned-char -W -Wall -Werror=return-type -Werror=address -Werror=sequence-point -Wformat -Werror=format-security -Wmissing-declarations -Wmissing-prototypes -Wstrict-prototypes -Wundef -Winit-self -Wpointer-arith -Wshadow -Wno-narrowing -Wno-comment -Wno-array-bounds -Wno-aggressive-loop-optimizations -fdiagnostics-show-option -Wno-long-long -pthread -fomit-frame-pointer -msse -msse2 -msse3 -ffunction-sections  -O3 -DNDEBUG   -o CMakeFiles/cmTryCompileExec3716867671.dir/CheckIncludeFile.c.o   -c /users/guest438/scratch/ENGN2560/ENGN2560/opencv-2.4.13.6/build/CMakeFiles/CMakeTmp/CheckIncludeFile.c
Linking C executable cmTryCompileExec3716867671
/usr/bin/cmake -E cmake_link_script CMakeFiles/cmTryCompileExec3716867671.dir/link.txt --verbose=1
/usr/bin/cc     -fsigned-char -W -Wall -Werror=return-type -Werror=address -Werror=sequence-point -Wformat -Werror=format-security -Wmissing-declarations -Wmissing-prototypes -Wstrict-prototypes -Wundef -Winit-self -Wpointer-arith -Wshadow -Wno-narrowing -Wno-comment -Wno-array-bounds -Wno-aggressive-loop-optimizations -fdiagnostics-show-option -Wno-long-long -pthread -fomit-frame-pointer -msse -msse2 -msse3 -ffunction-sections  -O3 -DNDEBUG    CMakeFiles/cmTryCompileExec3716867671.dir/CheckIncludeFile.c.o  -o cmTryCompileExec3716867671 -rdynamic 
gmake[1]: Leaving directory `/gpfs/scratch/guest438/ENGN2560/ENGN2560/opencv-2.4.13.6/build/CMakeFiles/CMakeTmp'


